  raudio.c
C:\Users\Admin\Desktop\tetris-clone-213214901\build\external\raylib-master\src\external\jar_xm.h(242,9): warning C4005: 'DEBUG': macro redefinition
  (compiling source file '../external/raylib-master/src/raudio.c')
      C:\Users\Admin\Desktop\tetris-clone-213214901\build\external\raylib-master\src\external\jar_xm.h(242,9):
      'DEBUG' previously declared on the command line
  
  rcore.c
C:\Program Files (x86)\Windows Kits\10\Include\10.0.22621.0\shared\minwindef.h(60,9): warning C4005: 'MAX_PATH': macro redefinition
  (compiling source file '../external/raylib-master/src/rcore.c')
      C:\Users\Admin\Desktop\tetris-clone-213214901\build\external\raylib-master\src\rcore.c(166,17):
      see previous definition of 'MAX_PATH'
  
C:\Program Files (x86)\Windows Kits\10\Include\10.0.22621.0\shared\minwindef.h(130,9): warning C4005: 'APIENTRY': macro redefinition
  (compiling source file '../external/raylib-master/src/rcore.c')
      C:\Users\Admin\Desktop\tetris-clone-213214901\build\external\raylib-master\src\external\glfw\include\GLFW\glfw3.h(123,11):
      see previous definition of 'APIENTRY'
  
  rglfw.c
  rmodels.c
  rshapes.c
  rtext.c
  rtextures.c
  utils.c
  Generating Code...
  raylib.vcxproj -> C:\Users\Admin\Desktop\tetris-clone-213214901\bin\Debug\raylib.lib
